Flow report for midterm_project
Thu Apr 03 09:37:03 2025
Quartus Prime Version 20.1.1 Build 720 11/11/2020 SJ Lite Edition


---------------------
; Table of Contents ;
---------------------
  1. Legal Notice
  2. Flow Summary
  3. Flow Settings
  4. Flow Non-Default Global Settings
  5. Flow Elapsed Time
  6. Flow OS Summary
  7. Flow Log
  8. Flow Messages
  9. Flow Suppressed Messages



----------------
; Legal Notice ;
----------------
Copyright (C) 2020  Intel Corporation. All rights reserved.
Your use of Intel Corporation's design tools, logic functions 
and other software and tools, and any partner logic 
functions, and any output files from any of the foregoing 
(including device programming or simulation files), and any 
associated documentation or information are expressly subject 
to the terms and conditions of the Intel Program License 
Subscription Agreement, the Intel Quartus Prime License Agreement,
the Intel FPGA IP License Agreement, or other applicable license
agreement, including, without limitation, that your use is for
the sole purpose of programming logic devices manufactured by
Intel and sold by Intel or its authorized distributors.  Please
refer to the applicable agreement for further details, at
https://fpgasoftware.intel.com/eula.



+-------------------------------------------------------------------------------+
; Flow Summary                                                                  ;
+---------------------------------+---------------------------------------------+
; Flow Status                     ; Successful - Thu Apr 03 09:37:03 2025       ;
; Quartus Prime Version           ; 20.1.1 Build 720 11/11/2020 SJ Lite Edition ;
; Revision Name                   ; midterm_project                             ;
; Top-level Entity Name           ; baseline_c5gx                               ;
; Family                          ; Cyclone V                                   ;
; Device                          ; 5CGXFC5C6F27C7                              ;
; Timing Models                   ; Final                                       ;
; Logic utilization (in ALMs)     ; 418 / 29,080 ( 1 % )                        ;
; Total registers                 ; 545                                         ;
; Total pins                      ; 237 / 364 ( 65 % )                          ;
; Total virtual pins              ; 0                                           ;
; Total block memory bits         ; 8,192 / 4,567,040 ( < 1 % )                 ;
; Total DSP Blocks                ; 0 / 150 ( 0 % )                             ;
; Total HSSI RX PCSs              ; 0 / 6 ( 0 % )                               ;
; Total HSSI PMA RX Deserializers ; 0 / 6 ( 0 % )                               ;
; Total HSSI TX PCSs              ; 0 / 6 ( 0 % )                               ;
; Total HSSI PMA TX Serializers   ; 0 / 6 ( 0 % )                               ;
; Total PLLs                      ; 0 / 12 ( 0 % )                              ;
; Total DLLs                      ; 0 / 4 ( 0 % )                               ;
+---------------------------------+---------------------------------------------+


+-----------------------------------------+
; Flow Settings                           ;
+-------------------+---------------------+
; Option            ; Setting             ;
+-------------------+---------------------+
; Start date & time ; 04/03/2025 09:33:49 ;
; Main task         ; Compilation         ;
; Revision Name     ; midterm_project     ;
+-------------------+---------------------+


+----------------------------------------------------------------------------------------------------------------------------------------------------+
; Flow Non-Default Global Settings                                                                                                                   ;
+-------------------------------------+----------------------------------------+-----------------+---------------+-----------------------------------+
; Assignment Name                     ; Value                                  ; Default Value   ; Entity Name   ; Section Id                        ;
+-------------------------------------+----------------------------------------+-----------------+---------------+-----------------------------------+
; COMPILER_SIGNATURE_ID               ; 58232430392789.174365842902812         ; --              ; --            ; --                                ;
; EDA_GENERATE_FUNCTIONAL_NETLIST     ; Off                                    ; --              ; --            ; eda_board_design_timing           ;
; EDA_GENERATE_FUNCTIONAL_NETLIST     ; Off                                    ; --              ; --            ; eda_board_design_boundary_scan    ;
; EDA_GENERATE_FUNCTIONAL_NETLIST     ; Off                                    ; --              ; --            ; eda_board_design_signal_integrity ;
; EDA_GENERATE_FUNCTIONAL_NETLIST     ; Off                                    ; --              ; --            ; eda_board_design_symbol           ;
; EDA_OUTPUT_DATA_FORMAT              ; Verilog Hdl                            ; --              ; --            ; eda_simulation                    ;
; EDA_SIMULATION_TOOL                 ; ModelSim-Altera (Verilog)              ; <None>          ; --            ; --                                ;
; EDA_TIME_SCALE                      ; 1 ps                                   ; --              ; --            ; eda_simulation                    ;
; FITTER_EFFORT                       ; Standard Fit                           ; Auto Fit        ; --            ; --                                ;
; MAX_CORE_JUNCTION_TEMP              ; 85                                     ; --              ; --            ; --                                ;
; MIN_CORE_JUNCTION_TEMP              ; 0                                      ; --              ; --            ; --                                ;
; OUTPUT_IO_TIMING_FAR_END_VMEAS      ; Half Signal Swing                      ; --              ; --            ; --                                ;
; OUTPUT_IO_TIMING_FAR_END_VMEAS      ; Half Signal Swing                      ; --              ; --            ; --                                ;
; OUTPUT_IO_TIMING_NEAR_END_VMEAS     ; Half Vccio                             ; --              ; --            ; --                                ;
; OUTPUT_IO_TIMING_NEAR_END_VMEAS     ; Half Vccio                             ; --              ; --            ; --                                ;
; PARTITION_COLOR                     ; -- (Not supported for targeted family) ; --              ; baseline_c5gx ; Top                               ;
; PARTITION_FITTER_PRESERVATION_LEVEL ; -- (Not supported for targeted family) ; --              ; baseline_c5gx ; Top                               ;
; PARTITION_NETLIST_TYPE              ; -- (Not supported for targeted family) ; --              ; baseline_c5gx ; Top                               ;
; POWER_BOARD_THERMAL_MODEL           ; None (CONSERVATIVE)                    ; --              ; --            ; --                                ;
; POWER_PRESET_COOLING_SOLUTION       ; 23 MM HEAT SINK WITH 200 LFPM AIRFLOW  ; --              ; --            ; --                                ;
; PROJECT_OUTPUT_DIRECTORY            ; output_files                           ; --              ; --            ; --                                ;
; TOP_LEVEL_ENTITY                    ; baseline_c5gx                          ; midterm_project ; --            ; --                                ;
+-------------------------------------+----------------------------------------+-----------------+---------------+-----------------------------------+


+--------------------------------------------------------------------------------------------------------------------------+
; Flow Elapsed Time                                                                                                        ;
+----------------------+--------------+-------------------------+---------------------+------------------------------------+
; Module Name          ; Elapsed Time ; Average Processors Used ; Peak Virtual Memory ; Total CPU Time (on all processors) ;
+----------------------+--------------+-------------------------+---------------------+------------------------------------+
; Analysis & Synthesis ; 00:00:17     ; 1.0                     ; 4806 MB             ; 00:00:33                           ;
; Fitter               ; 00:02:16     ; 1.0                     ; 6098 MB             ; 00:04:40                           ;
; Assembler            ; 00:00:14     ; 1.0                     ; 4841 MB             ; 00:00:14                           ;
; Timing Analyzer      ; 00:00:19     ; 1.2                     ; 5200 MB             ; 00:00:21                           ;
; EDA Netlist Writer   ; 00:00:02     ; 1.0                     ; 4729 MB             ; 00:00:02                           ;
; Total                ; 00:03:08     ; --                      ; --                  ; 00:05:50                           ;
+----------------------+--------------+-------------------------+---------------------+------------------------------------+


+------------------------------------------------------------------------------------+
; Flow OS Summary                                                                    ;
+----------------------+------------------+------------+------------+----------------+
; Module Name          ; Machine Hostname ; OS Name    ; OS Version ; Processor type ;
+----------------------+------------------+------------+------------+----------------+
; Analysis & Synthesis ; DESKTOP-KG1F1D5  ; Windows 10 ; 10.0       ; x86_64         ;
; Fitter               ; DESKTOP-KG1F1D5  ; Windows 10 ; 10.0       ; x86_64         ;
; Assembler            ; DESKTOP-KG1F1D5  ; Windows 10 ; 10.0       ; x86_64         ;
; Timing Analyzer      ; DESKTOP-KG1F1D5  ; Windows 10 ; 10.0       ; x86_64         ;
; EDA Netlist Writer   ; DESKTOP-KG1F1D5  ; Windows 10 ; 10.0       ; x86_64         ;
+----------------------+------------------+------------+------------+----------------+


------------
; Flow Log ;
------------
quartus_map --read_settings_files=on --write_settings_files=off midterm_project -c midterm_project
quartus_fit --read_settings_files=off --write_settings_files=off midterm_project -c midterm_project
quartus_asm --read_settings_files=off --write_settings_files=off midterm_project -c midterm_project
quartus_sta midterm_project -c midterm_project
quartus_eda --read_settings_files=off --write_settings_files=off midterm_project -c midterm_project



